<?xml version="1.0" encoding="UTF-8"?>
<testng-results skipped="0" failed="0" total="1" passed="1">
  <reporter-output>
  </reporter-output>
  <suite name="Default suite" duration-ms="8236" started-at="2016-09-14T19:41:21Z" finished-at="2016-09-14T19:41:30Z">
    <groups>
    </groups>
    <test name="Default test" duration-ms="8236" started-at="2016-09-14T19:41:21Z" finished-at="2016-09-14T19:41:30Z">
      <class name="com.first">
        <test-method status="PASS" signature="beforeMethod()[pri:0, instance:com.first@51565ec2]" name="beforeMethod" is-config="true" duration-ms="8200" started-at="2016-09-14T20:41:21Z" finished-at="2016-09-14T20:41:30Z">
          <reporter-output>
          </reporter-output>
        </test-method> <!-- beforeMethod -->
        <test-method status="PASS" signature="main()[pri:0, instance:com.first@51565ec2]" name="main" duration-ms="15" started-at="2016-09-14T20:41:30Z" finished-at="2016-09-14T20:41:30Z">
          <reporter-output>
          </reporter-output>
        </test-method> <!-- main -->
      </class> <!-- com.first -->
    </test> <!-- Default test -->
  </suite> <!-- Default suite -->
</testng-results>
